kotlin version: 2.0.0
error message: org.jetbrains.kotlin.backend.common.BackendException: Backend Internal error: Exception during IR lowering
File being compiled: D:/projectJetbrains/wallify/core-viewmodel/src/main/java/com/example/core_viewmodel/reponsitory/authentication_repository.kt
The root cause java.lang.RuntimeException was thrown at: org.jetbrains.kotlin.backend.jvm.codegen.FunctionCodegen.generate(FunctionCodegen.kt:50)
	at org.jetbrains.kotlin.backend.common.CodegenUtil.reportBackendException(CodegenUtil.kt:253)
	at org.jetbrains.kotlin.backend.common.CodegenUtil.reportBackendException$default(CodegenUtil.kt:236)
	at org.jetbrains.kotlin.backend.common.phaser.PerformByIrFilePhase.invokeSequential(performByIrFile.kt:65)
	at org.jetbrains.kotlin.backend.common.phaser.PerformByIrFilePhase.invoke(performByIrFile.kt:52)
	at org.jetbrains.kotlin.backend.common.phaser.PerformByIrFilePhase.invoke(performByIrFile.kt:38)
	at org.jetbrains.kotlin.backend.common.phaser.NamedCompilerPhase.phaseBody(CompilerPhase.kt:166)
	at org.jetbrains.kotlin.backend.common.phaser.AbstractNamedCompilerPhase.invoke(CompilerPhase.kt:113)
	at org.jetbrains.kotlin.backend.common.phaser.CompositePhase.invoke(PhaseBuilders.kt:29)
	at org.jetbrains.kotlin.backend.common.phaser.CompositePhase.invoke(PhaseBuilders.kt:16)
	at org.jetbrains.kotlin.backend.common.phaser.NamedCompilerPhase.phaseBody(CompilerPhase.kt:166)
	at org.jetbrains.kotlin.backend.common.phaser.AbstractNamedCompilerPhase.invoke(CompilerPhase.kt:113)
	at org.jetbrains.kotlin.backend.common.phaser.CompilerPhaseKt.invokeToplevel(CompilerPhase.kt:62)
	at org.jetbrains.kotlin.backend.jvm.JvmIrCodegenFactory.invokeCodegen(JvmIrCodegenFactory.kt:371)
	at org.jetbrains.kotlin.codegen.CodegenFactory.generateModule(CodegenFactory.kt:47)
	at org.jetbrains.kotlin.backend.jvm.JvmIrCodegenFactory.generateModuleInFrontendIRMode(JvmIrCodegenFactory.kt:433)
	at org.jetbrains.kotlin.cli.jvm.compiler.pipeline.JvmCompilerPipelineKt.generateCodeFromIr(jvmCompilerPipeline.kt:241)
	at org.jetbrains.kotlin.cli.jvm.compiler.pipeline.JvmCompilerPipelineKt.compileModulesUsingFrontendIrAndLightTree(jvmCompilerPipeline.kt:140)
	at org.jetbrains.kotlin.cli.jvm.K2JVMCompiler.doExecute(K2JVMCompiler.kt:155)
	at org.jetbrains.kotlin.cli.jvm.K2JVMCompiler.doExecute(K2JVMCompiler.kt:50)
	at org.jetbrains.kotlin.cli.common.CLICompiler.execImpl(CLICompiler.kt:104)
	at org.jetbrains.kotlin.cli.common.CLICompiler.execImpl(CLICompiler.kt:48)
	at org.jetbrains.kotlin.cli.common.CLITool.exec(CLITool.kt:101)
	at org.jetbrains.kotlin.incremental.IncrementalJvmCompilerRunner.runCompiler(IncrementalJvmCompilerRunner.kt:453)
	at org.jetbrains.kotlin.incremental.IncrementalJvmCompilerRunner.runCompiler(IncrementalJvmCompilerRunner.kt:62)
	at org.jetbrains.kotlin.incremental.IncrementalCompilerRunner.doCompile(IncrementalCompilerRunner.kt:506)
	at org.jetbrains.kotlin.incremental.IncrementalCompilerRunner.compileImpl(IncrementalCompilerRunner.kt:423)
	at org.jetbrains.kotlin.incremental.IncrementalCompilerRunner.compileNonIncrementally(IncrementalCompilerRunner.kt:301)
	at org.jetbrains.kotlin.incremental.IncrementalCompilerRunner.compile(IncrementalCompilerRunner.kt:129)
	at org.jetbrains.kotlin.daemon.CompileServiceImplBase.execIncrementalCompiler(CompileServiceImpl.kt:676)
	at org.jetbrains.kotlin.daemon.CompileServiceImplBase.access$execIncrementalCompiler(CompileServiceImpl.kt:92)
	at org.jetbrains.kotlin.daemon.CompileServiceImpl.compile(CompileServiceImpl.kt:1661)
	at java.base/jdk.internal.reflect.NativeMethodAccessorImpl.invoke0(Native Method)
	at java.base/jdk.internal.reflect.NativeMethodAccessorImpl.invoke(NativeMethodAccessorImpl.java:77)
	at java.base/jdk.internal.reflect.DelegatingMethodAccessorImpl.invoke(DelegatingMethodAccessorImpl.java:43)
	at java.base/java.lang.reflect.Method.invoke(Method.java:568)
	at java.rmi/sun.rmi.server.UnicastServerRef.dispatch(UnicastServerRef.java:360)
	at java.rmi/sun.rmi.transport.Transport$1.run(Transport.java:200)
	at java.rmi/sun.rmi.transport.Transport$1.run(Transport.java:197)
	at java.base/java.security.AccessController.doPrivileged(AccessController.java:712)
	at java.rmi/sun.rmi.transport.Transport.serviceCall(Transport.java:196)
	at java.rmi/sun.rmi.transport.tcp.TCPTransport.handleMessages(TCPTransport.java:587)
	at java.rmi/sun.rmi.transport.tcp.TCPTransport$ConnectionHandler.run0(TCPTransport.java:828)
	at java.rmi/sun.rmi.transport.tcp.TCPTransport$ConnectionHandler.lambda$run$0(TCPTransport.java:705)
	at java.base/java.security.AccessController.doPrivileged(AccessController.java:399)
	at java.rmi/sun.rmi.transport.tcp.TCPTransport$ConnectionHandler.run(TCPTransport.java:704)
	at java.base/java.util.concurrent.ThreadPoolExecutor.runWorker(ThreadPoolExecutor.java:1136)
	at java.base/java.util.concurrent.ThreadPoolExecutor$Worker.run(ThreadPoolExecutor.java:635)
	at java.base/java.lang.Thread.run(Thread.java:842)
Caused by: java.lang.RuntimeException: Exception while generating code for:
FUN name:screenRedirect visibility:private modality:FINAL <> ($this:com.example.core_viewmodel.reponsitory.AuthenticationRepository, $completion:kotlin.coroutines.Continuation<kotlin.Unit>) returnType:kotlin.Any? [suspend]
  $this: VALUE_PARAMETER name:<this> type:com.example.core_viewmodel.reponsitory.AuthenticationRepository
  VALUE_PARAMETER CONTINUATION_CLASS name:$completion index:0 type:kotlin.coroutines.Continuation<kotlin.Unit>
  BLOCK_BODY
    CLASS CONTINUATION_CLASS CLASS name:<Continuation> modality:FINAL visibility:public/*package*/ superTypes:[kotlin.coroutines.jvm.internal.ContinuationImpl]
      $this: VALUE_PARAMETER INSTANCE_RECEIVER name:<this> type:com.example.core_viewmodel.reponsitory.AuthenticationRepository.screenRedirect.<Continuation>
      FIELD CONTINUATION_CLASS_RESULT_FIELD name:result type:kotlin.Result<kotlin.Any?> visibility:public/*package*/
      FIELD FIELD_FOR_OUTER_THIS name:this$0 type:com.example.core_viewmodel.reponsitory.AuthenticationRepository visibility:public/*package*/ [final]
      FIELD name:label type:kotlin.Int visibility:public/*package*/
      CONSTRUCTOR visibility:public/*package*/ <> (this$0:com.example.core_viewmodel.reponsitory.AuthenticationRepository, $completion:kotlin.coroutines.Continuation<com.example.core_viewmodel.reponsitory.AuthenticationRepository.screenRedirect.<Continuation>>?) returnType:com.example.core_viewmodel.reponsitory.AuthenticationRepository.screenRedirect.<Continuation> [primary]
        VALUE_PARAMETER name:this$0 index:0 type:com.example.core_viewmodel.reponsitory.AuthenticationRepository
        VALUE_PARAMETER name:$completion index:1 type:kotlin.coroutines.Continuation<com.example.core_viewmodel.reponsitory.AuthenticationRepository.screenRedirect.<Continuation>>?
        BLOCK_BODY
          SET_FIELD 'FIELD FIELD_FOR_OUTER_THIS name:this$0 type:com.example.core_viewmodel.reponsitory.AuthenticationRepository visibility:public/*package*/ [final]' type=kotlin.Unit origin=null
            receiver: GET_VAR '<this>: com.example.core_viewmodel.reponsitory.AuthenticationRepository.screenRedirect.<Continuation> declared in com.example.core_viewmodel.reponsitory.AuthenticationRepository.screenRedirect.<Continuation>' type=com.example.core_viewmodel.reponsitory.AuthenticationRepository.screenRedirect.<Continuation> origin=null
            value: GET_VAR 'this$0: com.example.core_viewmodel.reponsitory.AuthenticationRepository declared in com.example.core_viewmodel.reponsitory.AuthenticationRepository.screenRedirect.<Continuation>.<init>' type=com.example.core_viewmodel.reponsitory.AuthenticationRepository origin=null
          DELEGATING_CONSTRUCTOR_CALL 'public constructor <init> ($completion: kotlin.coroutines.Continuation<kotlin.Any?>?) declared in kotlin.coroutines.jvm.internal.ContinuationImpl'
            $completion: GET_VAR '$completion: kotlin.coroutines.Continuation<com.example.core_viewmodel.reponsitory.AuthenticationRepository.screenRedirect.<Continuation>>? declared in com.example.core_viewmodel.reponsitory.AuthenticationRepository.screenRedirect.<Continuation>.<init>' type=kotlin.coroutines.Continuation<com.example.core_viewmodel.reponsitory.AuthenticationRepository.screenRedirect.<Continuation>>? origin=null
      FUN name:invokeSuspend visibility:public modality:FINAL <> ($this:com.example.core_viewmodel.reponsitory.AuthenticationRepository.screenRedirect.<Continuation>, $result:kotlin.Result<kotlin.Any?>) returnType:kotlin.Any?
        overridden:
          public abstract fun invokeSuspend ($result: kotlin.Result<kotlin.Any?>): kotlin.Any? declared in kotlin.coroutines.jvm.internal.ContinuationImpl
        $this: VALUE_PARAMETER INSTANCE_RECEIVER name:<this> type:com.example.core_viewmodel.reponsitory.AuthenticationRepository.screenRedirect.<Continuation>
        VALUE_PARAMETER name:$result index:0 type:kotlin.Result<kotlin.Any?>
        BLOCK_BODY
          SET_FIELD 'FIELD CONTINUATION_CLASS_RESULT_FIELD name:result type:kotlin.Result<kotlin.Any?> visibility:public/*package*/' type=kotlin.Unit origin=null
            receiver: GET_VAR '<this>: com.example.core_viewmodel.reponsitory.AuthenticationRepository.screenRedirect.<Continuation> declared in com.example.core_viewmodel.reponsitory.AuthenticationRepository.screenRedirect.<Continuation>.invokeSuspend' type=com.example.core_viewmodel.reponsitory.AuthenticationRepository.screenRedirect.<Continuation> origin=null
            value: GET_VAR '$result: kotlin.Result<kotlin.Any?> declared in com.example.core_viewmodel.reponsitory.AuthenticationRepository.screenRedirect.<Continuation>.invokeSuspend' type=kotlin.Result<kotlin.Any?> origin=null
          SET_FIELD 'FIELD name:label type:kotlin.Int visibility:public/*package*/' type=kotlin.Unit origin=null
            receiver: GET_VAR '<this>: com.example.core_viewmodel.reponsitory.AuthenticationRepository.screenRedirect.<Continuation> declared in com.example.core_viewmodel.reponsitory.AuthenticationRepository.screenRedirect.<Continuation>.invokeSuspend' type=com.example.core_viewmodel.reponsitory.AuthenticationRepository.screenRedirect.<Continuation> origin=null
            value: CALL 'public final fun or (other: kotlin.Int): kotlin.Int [infix] declared in kotlin.Int' type=kotlin.Int origin=null
              $this: GET_FIELD 'FIELD name:label type:kotlin.Int visibility:public/*package*/' type=kotlin.Int origin=null
                receiver: GET_VAR '<this>: com.example.core_viewmodel.reponsitory.AuthenticationRepository.screenRedirect.<Continuation> declared in com.example.core_viewmodel.reponsitory.AuthenticationRepository.screenRedirect.<Continuation>.invokeSuspend' type=com.example.core_viewmodel.reponsitory.AuthenticationRepository.screenRedirect.<Continuation> origin=null
              other: CONST Int type=kotlin.Int value=-2147483648
          RETURN type=kotlin.Nothing from='public final fun invokeSuspend ($result: kotlin.Result<kotlin.Any?>): kotlin.Any? declared in com.example.core_viewmodel.reponsitory.AuthenticationRepository.screenRedirect.<Continuation>'
            CALL 'public final fun access$screenRedirect ($this: com.example.core_viewmodel.reponsitory.AuthenticationRepository, $completion: kotlin.coroutines.Continuation<kotlin.Unit>): kotlin.Any? [suspend] declared in com.example.core_viewmodel.reponsitory.AuthenticationRepository' type=kotlin.Any? origin=null
              $this: GET_FIELD 'FIELD FIELD_FOR_OUTER_THIS name:this$0 type:com.example.core_viewmodel.reponsitory.AuthenticationRepository visibility:public/*package*/ [final]' type=com.example.core_viewmodel.reponsitory.AuthenticationRepository origin=null
                receiver: GET_VAR '<this>: com.example.core_viewmodel.reponsitory.AuthenticationRepository.screenRedirect.<Continuation> declared in com.example.core_viewmodel.reponsitory.AuthenticationRepository.screenRedirect.<Continuation>.invokeSuspend' type=com.example.core_viewmodel.reponsitory.AuthenticationRepository.screenRedirect.<Continuation> origin=null
              $completion: GET_VAR '<this>: com.example.core_viewmodel.reponsitory.AuthenticationRepository.screenRedirect.<Continuation> declared in com.example.core_viewmodel.reponsitory.AuthenticationRepository.screenRedirect.<Continuation>.invokeSuspend' type=com.example.core_viewmodel.reponsitory.AuthenticationRepository.screenRedirect.<Continuation> origin=null
    TRY type=kotlin.Unit
      try: BLOCK type=kotlin.Unit origin=null
        VAR name:currentUser type:com.google.firebase.auth.FirebaseUser? [val]
          CALL 'public final fun <get-authUser> (): com.google.firebase.auth.FirebaseUser? declared in com.example.core_viewmodel.reponsitory.AuthenticationRepository' type=com.google.firebase.auth.FirebaseUser? origin=GET_PROPERTY
            $this: GET_VAR '<this>: com.example.core_viewmodel.reponsitory.AuthenticationRepository declared in com.example.core_viewmodel.reponsitory.AuthenticationRepository.screenRedirect' type=com.example.core_viewmodel.reponsitory.AuthenticationRepository origin=null
        WHEN type=kotlin.Unit origin=IF
          BRANCH
            if: CALL 'public final fun not (): kotlin.Boolean [operator] declared in kotlin.Boolean' type=kotlin.Boolean origin=EXCLEQ
              $this: CALL 'public final fun EQEQ (arg0: kotlin.Any?, arg1: kotlin.Any?): kotlin.Boolean declared in kotlin.internal.ir' type=kotlin.Boolean origin=EXCLEQ
                arg0: GET_VAR 'val currentUser: com.google.firebase.auth.FirebaseUser? [val] declared in com.example.core_viewmodel.reponsitory.AuthenticationRepository.screenRedirect' type=com.google.firebase.auth.FirebaseUser? origin=null
                arg1: CONST Null type=kotlin.Nothing? value=null
            then: BLOCK type=kotlin.Unit origin=null
              VAR name:isFirstTime type:kotlin.Boolean [val]
                CALL 'public final fun first <T> ($completion: kotlin.coroutines.Continuation<T of kotlinx.coroutines.flow.FlowKt.first>): kotlin.Any? [suspend] declared in kotlinx.coroutines.flow.FlowKt' type=kotlin.Boolean origin=null
                  <T>: kotlin.Boolean
                  $receiver: CALL 'public final fun getFirstTime (context: android.content.Context): kotlinx.coroutines.flow.Flow<kotlin.Boolean> declared in com.example.core_viewmodel.utils.data_store.OnBoarding_data_storeKt' type=kotlinx.coroutines.flow.Flow<kotlin.Boolean> origin=null
                    context: CALL 'public final fun <get-current> (): T of androidx.compose.runtime.CompositionLocal [inline] declared in androidx.compose.runtime.CompositionLocal' type=android.content.Context origin=GET_PROPERTY
                      $this: TYPE_OP type=androidx.compose.runtime.CompositionLocal<T of androidx.compose.runtime.CompositionLocal> origin=IMPLICIT_CAST typeOperand=androidx.compose.runtime.CompositionLocal<T of androidx.compose.runtime.CompositionLocal>
                        CALL 'public final fun <get-LocalContext> (): androidx.compose.runtime.ProvidableCompositionLocal<android.content.Context> declared in androidx.compose.ui.platform.AndroidCompositionLocals_androidKt' type=androidx.compose.runtime.ProvidableCompositionLocal<android.content.Context> origin=GET_PROPERTY
                  $completion: GET_VAR '$completion: kotlin.coroutines.Continuation<kotlin.Unit> declared in com.example.core_viewmodel.reponsitory.AuthenticationRepository.screenRedirect' type=kotlin.coroutines.Continuation<kotlin.Unit> origin=null
              WHEN type=kotlin.Unit origin=IF
                BRANCH
                  if: GET_VAR 'val isFirstTime: kotlin.Boolean [val] declared in com.example.core_viewmodel.reponsitory.AuthenticationRepository.screenRedirect' type=kotlin.Boolean origin=null
                  then: BLOCK type=kotlin.Unit origin=null
                    CALL 'public final fun setFirstTime (context: android.content.Context, value: kotlin.Boolean, $completion: kotlin.coroutines.Continuation<kotlin.Unit>): kotlin.Any? [suspend] declared in com.example.core_viewmodel.utils.data_store.OnBoarding_data_storeKt' type=kotlin.Unit origin=null
                      context: CALL 'public final fun <get-current> (): T of androidx.compose.runtime.CompositionLocal [inline] declared in androidx.compose.runtime.CompositionLocal' type=android.content.Context origin=GET_PROPERTY
                        $this: TYPE_OP type=androidx.compose.runtime.CompositionLocal<T of androidx.compose.runtime.CompositionLocal> origin=IMPLICIT_CAST typeOperand=androidx.compose.runtime.CompositionLocal<T of androidx.compose.runtime.CompositionLocal>
                          CALL 'public final fun <get-LocalContext> (): androidx.compose.runtime.ProvidableCompositionLocal<android.content.Context> declared in androidx.compose.ui.platform.AndroidCompositionLocals_androidKt' type=androidx.compose.runtime.ProvidableCompositionLocal<android.content.Context> origin=GET_PROPERTY
                      value: CONST Boolean type=kotlin.Boolean value=false
                      $completion: GET_VAR '$completion: kotlin.coroutines.Continuation<kotlin.Unit> declared in com.example.core_viewmodel.reponsitory.AuthenticationRepository.screenRedirect' type=kotlin.coroutines.Continuation<kotlin.Unit> origin=null
                    CALL 'public abstract fun invoke (): R of kotlin.Function0 [operator] declared in kotlin.Function0' type=kotlin.Unit origin=INVOKE
                      $this: GET_FIELD 'FIELD PROPERTY_BACKING_FIELD name:onBoardingClick type:kotlin.Function0<kotlin.Unit> visibility:private [final]' type=kotlin.Function0<kotlin.Unit> origin=null
                        receiver: GET_VAR '<this>: com.example.core_viewmodel.reponsitory.AuthenticationRepository declared in com.example.core_viewmodel.reponsitory.AuthenticationRepository.screenRedirect' type=com.example.core_viewmodel.reponsitory.AuthenticationRepository origin=null
                BRANCH
                  if: CONST Boolean type=kotlin.Boolean value=true
                  then: BLOCK type=kotlin.Unit origin=null
                    CALL 'public abstract fun invoke (): R of kotlin.Function0 [operator] declared in kotlin.Function0' type=kotlin.Unit origin=INVOKE
                      $this: GET_FIELD 'FIELD PROPERTY_BACKING_FIELD name:onCallBack type:kotlin.Function0<kotlin.Unit> visibility:private [final]' type=kotlin.Function0<kotlin.Unit> origin=null
                        receiver: GET_VAR '<this>: com.example.core_viewmodel.reponsitory.AuthenticationRepository declared in com.example.core_viewmodel.reponsitory.AuthenticationRepository.screenRedirect' type=com.example.core_viewmodel.reponsitory.AuthenticationRepository origin=null
      CATCH parameter=val e: com.google.firebase.auth.FirebaseAuthException [val] declared in com.example.core_viewmodel.reponsitory.AuthenticationRepository.screenRedirect
        VAR CATCH_PARAMETER name:e type:com.google.firebase.auth.FirebaseAuthException [val]
        BLOCK type=kotlin.Nothing origin=null
          THROW type=kotlin.Nothing
            CONSTRUCTOR_CALL 'public constructor <init> (p0: @[FlexibleNullability] kotlin.String?) declared in java.lang.Exception' type=java.lang.Exception origin=null
              p0: CALL 'public open fun <get-message> (): kotlin.String? [fake_override] declared in com.example.core_viewmodel.utils.exceptions.TFirebaseAuthException' type=kotlin.String? origin=GET_PROPERTY
                $this: CONSTRUCTOR_CALL 'public constructor <init> (code: kotlin.String) [primary] declared in com.example.core_viewmodel.utils.exceptions.TFirebaseAuthException' type=com.example.core_viewmodel.utils.exceptions.TFirebaseAuthException origin=null
                  code: BLOCK type=kotlin.String origin=null
                    VAR IR_TEMPORARY_VARIABLE name:tmp0 type:kotlin.Any? [val]
                      CALL 'public open fun getErrorCode (): @[EnhancedNullability] kotlin.String declared in com.google.firebase.auth.FirebaseAuthException' type=@[EnhancedNullability] kotlin.String origin=GET_PROPERTY
                        $this: GET_VAR 'val e: com.google.firebase.auth.FirebaseAuthException [val] declared in com.example.core_viewmodel.reponsitory.AuthenticationRepository.screenRedirect' type=com.google.firebase.auth.FirebaseAuthException origin=null
                    CALL 'public final fun checkNotNullExpressionValue (value: kotlin.Any?, expression: kotlin.String): kotlin.Unit declared in kotlin.jvm.internal.Intrinsics' type=kotlin.Unit origin=null
                      value: GET_VAR 'val tmp0: kotlin.Any? [val] declared in com.example.core_viewmodel.reponsitory.AuthenticationRepository.screenRedirect' type=kotlin.Any? origin=null
                      expression: CONST String type=kotlin.String value="getErrorCode(...)"
                    GET_VAR 'val tmp0: kotlin.Any? [val] declared in com.example.core_viewmodel.reponsitory.AuthenticationRepository.screenRedirect' type=kotlin.Any? origin=null
      CATCH parameter=val e: com.google.firebase.FirebaseException [val] declared in com.example.core_viewmodel.reponsitory.AuthenticationRepository.screenRedirect
        VAR CATCH_PARAMETER name:e type:com.google.firebase.FirebaseException [val]
        BLOCK type=kotlin.Nothing origin=null
          THROW type=kotlin.Nothing
            CONSTRUCTOR_CALL 'public constructor <init> (p0: @[FlexibleNullability] kotlin.String?) declared in java.lang.Exception' type=java.lang.Exception origin=null
              p0: CALL 'public open fun <get-message> (): kotlin.String? [fake_override] declared in com.example.core_viewmodel.utils.exceptions.TFirebaseException' type=kotlin.String? origin=GET_PROPERTY
                $this: CONSTRUCTOR_CALL 'public constructor <init> (code: kotlin.String) [primary] declared in com.example.core_viewmodel.utils.exceptions.TFirebaseException' type=com.example.core_viewmodel.utils.exceptions.TFirebaseException origin=null
                  code: BLOCK type=kotlin.String origin=FOLDED_ELVIS
                    WHEN type=kotlin.String origin=FOLDED_ELVIS
                      BRANCH
                        if: COMPOSITE type=kotlin.Boolean origin=null
                          VAR IR_TEMPORARY_VARIABLE name:tmp0_elvis_lhs type:kotlin.String? [val]
                            CALL 'public open fun <get-message> (): kotlin.String? [fake_override] declared in com.google.firebase.FirebaseException' type=kotlin.String? origin=GET_PROPERTY
                              $this: GET_VAR 'val e: com.google.firebase.FirebaseException [val] declared in com.example.core_viewmodel.reponsitory.AuthenticationRepository.screenRedirect' type=com.google.firebase.FirebaseException origin=null
                          CALL 'public final fun not (): kotlin.Boolean [operator] declared in kotlin.Boolean' type=kotlin.Boolean origin=null
                            $this: CALL 'public final fun EQEQ (arg0: kotlin.Any?, arg1: kotlin.Any?): kotlin.Boolean declared in kotlin.internal.ir' type=kotlin.Boolean origin=null
                              arg0: GET_VAR 'val tmp0_elvis_lhs: kotlin.String? [val] declared in com.example.core_viewmodel.reponsitory.AuthenticationRepository.screenRedirect' type=kotlin.String? origin=null
                              arg1: CONST Null type=kotlin.Nothing? value=null
                        then: GET_VAR 'val tmp0_elvis_lhs: kotlin.String? [val] declared in com.example.core_viewmodel.reponsitory.AuthenticationRepository.screenRedirect' type=kotlin.String? origin=null
                      BRANCH
                        if: CONST Boolean type=kotlin.Boolean value=true
                        then: CONST String type=kotlin.String value="unknown"
      CATCH parameter=val e: java.lang.IllegalArgumentException [val] declared in com.example.core_viewmodel.reponsitory.AuthenticationRepository.screenRedirect
        VAR CATCH_PARAMETER name:e type:java.lang.IllegalArgumentException [val]
        BLOCK type=kotlin.Nothing origin=null
          THROW type=kotlin.Nothing
            CONSTRUCTOR_CALL 'public constructor <init> (p0: @[FlexibleNullability] kotlin.String?) declared in java.lang.Exception' type=java.lang.Exception origin=null
              p0: CALL 'public open fun <get-message> (): kotlin.String? [fake_override] declared in com.example.core_viewmodel.utils.exceptions.TFormatException' type=kotlin.String? origin=GET_PROPERTY
                $this: CONSTRUCTOR_CALL 'public constructor <init> (messages: kotlin.String?, $mask0: kotlin.Int, $marker: kotlin.jvm.internal.DefaultConstructorMarker?) declared in com.example.core_viewmodel.utils.exceptions.TFormatException' type=com.example.core_viewmodel.utils.exceptions.TFormatException origin=DEFAULT_DISPATCH_CALL
                  messages: COMPOSITE type=kotlin.String? origin=DEFAULT_VALUE
                    CONST Null type=kotlin.String? value=null
                  $mask0: CONST Int type=kotlin.Int value=1
                  $marker: CONST Null type=kotlin.jvm.internal.DefaultConstructorMarker? value=null
      CATCH parameter=val e: java.lang.Exception [val] declared in com.example.core_viewmodel.reponsitory.AuthenticationRepository.screenRedirect
        VAR CATCH_PARAMETER name:e type:java.lang.Exception [val]
        BLOCK type=kotlin.Nothing origin=null
          THROW type=kotlin.Nothing
            CONSTRUCTOR_CALL 'public constructor <init> (p0: @[FlexibleNullability] kotlin.String?) declared in java.lang.Exception' type=java.lang.Exception origin=null
              p0: CONST String type=kotlin.String value="Something went wrong. Please try again."

	at org.jetbrains.kotlin.backend.jvm.codegen.FunctionCodegen.generate(FunctionCodegen.kt:50)
	at org.jetbrains.kotlin.backend.jvm.codegen.FunctionCodegen.generate$default(FunctionCodegen.kt:42)
	at org.jetbrains.kotlin.backend.jvm.codegen.ClassCodegen.generateMethodNode(ClassCodegen.kt:385)
	at org.jetbrains.kotlin.backend.jvm.codegen.ClassCodegen.generateMethod(ClassCodegen.kt:402)
	at org.jetbrains.kotlin.backend.jvm.codegen.ClassCodegen.generate(ClassCodegen.kt:169)
	at org.jetbrains.kotlin.backend.jvm.FileCodegen.lower(JvmPhases.kt:41)
	at org.jetbrains.kotlin.backend.common.phaser.PhaseBuildersKt.makeIrFilePhase$lambda$5(PhaseBuilders.kt:114)
	at org.jetbrains.kotlin.backend.common.phaser.PhaseBuildersKt$createSimpleNamedCompilerPhase$1.phaseBody(PhaseBuilders.kt:71)
	at org.jetbrains.kotlin.backend.common.phaser.SimpleNamedCompilerPhase.phaseBody(CompilerPhase.kt:226)
	at org.jetbrains.kotlin.backend.common.phaser.AbstractNamedCompilerPhase.invoke(CompilerPhase.kt:113)
	at org.jetbrains.kotlin.backend.common.phaser.PerformByIrFilePhase.invokeSequential(performByIrFile.kt:62)
	... 45 more
Caused by: org.jetbrains.kotlin.codegen.CompilationException: Back-end (JVM) Internal error: Couldn't inline method call: CALL 'public final fun <get-current> (): T of androidx.compose.runtime.CompositionLocal [inline] declared in androidx.compose.runtime.CompositionLocal' type=android.content.Context origin=GET_PROPERTY
Method: null
File is unknown
The root cause java.lang.IllegalStateException was thrown at: org.jetbrains.kotlin.codegen.inline.SourceCompilerForInlineKt.getMethodNode(SourceCompilerForInline.kt:118)
	at org.jetbrains.kotlin.codegen.inline.InlineCodegen.performInline(InlineCodegen.kt:65)
	at org.jetbrains.kotlin.backend.jvm.codegen.IrInlineCodegen.genInlineCall(IrInlineCodegen.kt:162)
	at org.jetbrains.kotlin.backend.jvm.codegen.IrInlineCallGenerator.genCall(IrInlineCallGenerator.kt:36)
	at org.jetbrains.kotlin.backend.jvm.codegen.ExpressionCodegen.visitCall(ExpressionCodegen.kt:647)
	at org.jetbrains.kotlin.backend.jvm.codegen.ExpressionCodegen.visitCall(ExpressionCodegen.kt:137)
	at org.jetbrains.kotlin.ir.expressions.IrCall.accept(IrCall.kt:24)
	at org.jetbrains.kotlin.backend.jvm.codegen.ExpressionCodegen.gen(ExpressionCodegen.kt:216)
	at org.jetbrains.kotlin.backend.jvm.codegen.IrCallGenerator.genValueAndPut(IrCallGenerator.kt:48)
	at org.jetbrains.kotlin.backend.jvm.codegen.ExpressionCodegen.visitCall$handleParameter(ExpressionCodegen.kt:610)
	at org.jetbrains.kotlin.backend.jvm.codegen.ExpressionCodegen.visitCall(ExpressionCodegen.kt:638)
	at org.jetbrains.kotlin.backend.jvm.codegen.ExpressionCodegen.visitCall(ExpressionCodegen.kt:137)
	at org.jetbrains.kotlin.ir.expressions.IrCall.accept(IrCall.kt:24)
	at org.jetbrains.kotlin.backend.jvm.codegen.ExpressionCodegen.gen(ExpressionCodegen.kt:216)
	at org.jetbrains.kotlin.backend.jvm.codegen.IrCallGenerator.genValueAndPut(IrCallGenerator.kt:48)
	at org.jetbrains.kotlin.backend.jvm.codegen.ExpressionCodegen.visitCall$handleParameter(ExpressionCodegen.kt:610)
	at org.jetbrains.kotlin.backend.jvm.codegen.ExpressionCodegen.visitCall(ExpressionCodegen.kt:633)
	at org.jetbrains.kotlin.backend.jvm.codegen.ExpressionCodegen.visitCall(ExpressionCodegen.kt:137)
	at org.jetbrains.kotlin.ir.expressions.IrCall.accept(IrCall.kt:24)
	at org.jetbrains.kotlin.backend.jvm.codegen.ExpressionCodegen.visitVariable(ExpressionCodegen.kt:784)
	at org.jetbrains.kotlin.backend.jvm.codegen.ExpressionCodegen.visitVariable(ExpressionCodegen.kt:137)
	at org.jetbrains.kotlin.ir.declarations.IrVariable.accept(IrVariable.kt:36)
	at org.jetbrains.kotlin.backend.jvm.codegen.ExpressionCodegen.visitStatementContainer(ExpressionCodegen.kt:573)
	at org.jetbrains.kotlin.backend.jvm.codegen.ExpressionCodegen.visitContainerExpression(ExpressionCodegen.kt:587)
	at org.jetbrains.kotlin.backend.jvm.codegen.ExpressionCodegen.visitContainerExpression(ExpressionCodegen.kt:137)
	at org.jetbrains.kotlin.ir.visitors.IrElementVisitor$DefaultImpls.visitBlock(IrElementVisitor.kt:122)
	at org.jetbrains.kotlin.backend.jvm.codegen.ExpressionCodegen.visitBlock(ExpressionCodegen.kt:407)
	at org.jetbrains.kotlin.backend.jvm.codegen.ExpressionCodegen.visitBlock(ExpressionCodegen.kt:137)
	at org.jetbrains.kotlin.ir.expressions.IrBlock.accept(IrBlock.kt:18)
	at org.jetbrains.kotlin.backend.jvm.codegen.ExpressionCodegen.visitWhen(ExpressionCodegen.kt:1095)
	at org.jetbrains.kotlin.backend.jvm.codegen.ExpressionCodegen.visitWhen(ExpressionCodegen.kt:137)
	at org.jetbrains.kotlin.ir.expressions.IrWhen.accept(IrWhen.kt:24)
	at org.jetbrains.kotlin.backend.jvm.codegen.ExpressionCodegen.visitStatementContainer(ExpressionCodegen.kt:573)
	at org.jetbrains.kotlin.backend.jvm.codegen.ExpressionCodegen.visitContainerExpression(ExpressionCodegen.kt:587)
	at org.jetbrains.kotlin.backend.jvm.codegen.ExpressionCodegen.visitContainerExpression(ExpressionCodegen.kt:137)
	at org.jetbrains.kotlin.ir.visitors.IrElementVisitor$DefaultImpls.visitBlock(IrElementVisitor.kt:122)
	at org.jetbrains.kotlin.backend.jvm.codegen.ExpressionCodegen.visitBlock(ExpressionCodegen.kt:407)
	at org.jetbrains.kotlin.backend.jvm.codegen.ExpressionCodegen.visitBlock(ExpressionCodegen.kt:137)
	at org.jetbrains.kotlin.ir.expressions.IrBlock.accept(IrBlock.kt:18)
	at org.jetbrains.kotlin.backend.jvm.codegen.ExpressionCodegen.visitTryWithInfo(ExpressionCodegen.kt:1333)
	at org.jetbrains.kotlin.backend.jvm.codegen.ExpressionCodegen.visitTry(ExpressionCodegen.kt:1324)
	at org.jetbrains.kotlin.backend.jvm.codegen.ExpressionCodegen.visitTry(ExpressionCodegen.kt:137)
	at org.jetbrains.kotlin.ir.expressions.IrTry.accept(IrTry.kt:26)
	at org.jetbrains.kotlin.backend.jvm.codegen.ExpressionCodegen.visitStatementContainer(ExpressionCodegen.kt:573)
	at org.jetbrains.kotlin.backend.jvm.codegen.ExpressionCodegen.visitBlockBody(ExpressionCodegen.kt:578)
	at org.jetbrains.kotlin.backend.jvm.codegen.ExpressionCodegen.visitBlockBody(ExpressionCodegen.kt:137)
	at org.jetbrains.kotlin.ir.expressions.IrBlockBody.accept(IrBlockBody.kt:20)
	at org.jetbrains.kotlin.backend.jvm.codegen.ExpressionCodegen.generate(ExpressionCodegen.kt:239)
	at org.jetbrains.kotlin.backend.jvm.codegen.FunctionCodegen.doGenerate(FunctionCodegen.kt:121)
	at org.jetbrains.kotlin.backend.jvm.codegen.FunctionCodegen.generate(FunctionCodegen.kt:46)
	... 55 more
Caused by: java.lang.IllegalStateException: couldn't find inline method Landroidx/compose/runtime/CompositionLocal;.getCurrent()Ljava/lang/Object;
	at org.jetbrains.kotlin.codegen.inline.SourceCompilerForInlineKt.getMethodNode(SourceCompilerForInline.kt:118)
	at org.jetbrains.kotlin.codegen.inline.SourceCompilerForInlineKt.loadCompiledInlineFunction(SourceCompilerForInline.kt:96)
	at org.jetbrains.kotlin.backend.jvm.codegen.IrSourceCompilerForInline.compileInlineFunction(IrSourceCompilerForInline.kt:91)
	at org.jetbrains.kotlin.codegen.inline.InlineCodegen.compileInline(InlineCodegen.kt:43)
	at org.jetbrains.kotlin.codegen.inline.InlineCodegen.performInline(InlineCodegen.kt:51)
	... 103 more


